0 info it worked if it ends with ok
1 verbose cli [ '/usr/local/bin/node', '/usr/local/bin/npm', 'start' ]
2 info using npm@3.10.10
3 info using node@v6.9.4
4 verbose run-script [ 'prestart', 'start', 'poststart' ]
5 info lifecycle dexter_dev_env@2.2.9~prestart: dexter_dev_env@2.2.9
6 silly lifecycle dexter_dev_env@2.2.9~prestart: no script for prestart, continuing
7 info lifecycle dexter_dev_env@2.2.9~start: dexter_dev_env@2.2.9
8 verbose lifecycle dexter_dev_env@2.2.9~start: unsafe-perm in lifecycle true
9 verbose lifecycle dexter_dev_env@2.2.9~start: PATH: /usr/local/lib/node_modules/npm/bin/node-gyp-bin:/Users/Fry/WebstormProjects/electron_dde/node_modules/.bin:/Users/Fry/WebstormProjects/electron_dde/node_modules/wine-darwin/usr/bin:/Users/Fry/ros_ws/devel/bin:/opt/ros/indigo/bin:/Users/Fry/WebstormProjects/electron_dde/node_modules/wine-darwin/usr/bin:/usr/local/bin:/usr/local/bin:/usr/bin:/bin:/usr/sbin:/sbin:/opt/X11/bin
10 verbose lifecycle dexter_dev_env@2.2.9~start: CWD: /Users/Fry/WebstormProjects/electron_dde
11 silly lifecycle dexter_dev_env@2.2.9~start: Args: [ '-c', 'electron main' ]
12 silly lifecycle dexter_dev_env@2.2.9~start: Returned: code: 7  signal: null
13 info lifecycle dexter_dev_env@2.2.9~start: Failed to exec start script
14 verbose stack Error: dexter_dev_env@2.2.9 start: `electron main`
14 verbose stack Exit status 7
14 verbose stack     at EventEmitter.<anonymous> (/usr/local/lib/node_modules/npm/lib/utils/lifecycle.js:255:16)
14 verbose stack     at emitTwo (events.js:106:13)
14 verbose stack     at EventEmitter.emit (events.js:191:7)
14 verbose stack     at ChildProcess.<anonymous> (/usr/local/lib/node_modules/npm/lib/utils/spawn.js:40:14)
14 verbose stack     at emitTwo (events.js:106:13)
14 verbose stack     at ChildProcess.emit (events.js:191:7)
14 verbose stack     at maybeClose (internal/child_process.js:877:16)
14 verbose stack     at Process.ChildProcess._handle.onexit (internal/child_process.js:226:5)
15 verbose pkgid dexter_dev_env@2.2.9
16 verbose cwd /Users/Fry/WebstormProjects/electron_dde
17 error Darwin 16.7.0
18 error argv "/usr/local/bin/node" "/usr/local/bin/npm" "start"
19 error node v6.9.4
20 error npm  v3.10.10
21 error code ELIFECYCLE
22 error dexter_dev_env@2.2.9 start: `electron main`
22 error Exit status 7
23 error Failed at the dexter_dev_env@2.2.9 start script 'electron main'.
23 error Make sure you have the latest version of node.js and npm installed.
23 error If you do, this is most likely a problem with the dexter_dev_env package,
23 error not with npm itself.
23 error Tell the author that this fails on your system:
23 error     electron main
23 error You can get information on how to open an issue for this project with:
23 error     npm bugs dexter_dev_env
23 error Or if that isn't available, you can get their info via:
23 error     npm owner ls dexter_dev_env
23 error There is likely additional logging output above.
24 verbose exit [ 1, true ]
